2015-06-17 2:08:44 - PHP Warning:  include(partials/pages/page-partials/header-sub-nav.php): failed to open stream: No such file or directory in /Applications/MAMP/htdocs/minixstyle/catalog/view/theme/default/template/common/header.tpl on line 104
2015-06-17 2:08:44 - PHP Warning:  include(): Failed opening 'partials/pages/page-partials/header-sub-nav.php' for inclusion (include_path='.:/Applications/MAMP/bin/php/php5.6.2/lib/php') in /Applications/MAMP/htdocs/minixstyle/catalog/view/theme/default/template/common/header.tpl on line 104
2015-06-17 2:08:44 - PHP Warning:  include(partials/pages/page-partials/cart-quickview.php): failed to open stream: No such file or directory in /Applications/MAMP/htdocs/minixstyle/catalog/view/theme/default/template/common/header.tpl on line 142
2015-06-17 2:08:44 - PHP Warning:  include(): Failed opening 'partials/pages/page-partials/cart-quickview.php' for inclusion (include_path='.:/Applications/MAMP/bin/php/php5.6.2/lib/php') in /Applications/MAMP/htdocs/minixstyle/catalog/view/theme/default/template/common/header.tpl on line 142
2015-06-17 2:09:09 - PHP Warning:  include(partials/pages/page-partials/header-sub-nav.php): failed to open stream: No such file or directory in /Applications/MAMP/htdocs/minixstyle/catalog/view/theme/default/template/common/header.tpl on line 104
2015-06-17 2:09:09 - PHP Warning:  include(): Failed opening 'partials/pages/page-partials/header-sub-nav.php' for inclusion (include_path='.:/Applications/MAMP/bin/php/php5.6.2/lib/php') in /Applications/MAMP/htdocs/minixstyle/catalog/view/theme/default/template/common/header.tpl on line 104
2015-06-17 2:09:09 - PHP Warning:  include(partials/pages/page-partials/cart-quickview.php): failed to open stream: No such file or directory in /Applications/MAMP/htdocs/minixstyle/catalog/view/theme/default/template/common/header.tpl on line 142
2015-06-17 2:09:09 - PHP Warning:  include(): Failed opening 'partials/pages/page-partials/cart-quickview.php' for inclusion (include_path='.:/Applications/MAMP/bin/php/php5.6.2/lib/php') in /Applications/MAMP/htdocs/minixstyle/catalog/view/theme/default/template/common/header.tpl on line 142
2015-06-17 2:09:21 - PHP Warning:  include(partials/pages/page-partials/header-sub-nav.php): failed to open stream: No such file or directory in /Applications/MAMP/htdocs/minixstyle/catalog/view/theme/default/template/common/header.tpl on line 104
2015-06-17 2:09:21 - PHP Warning:  include(): Failed opening 'partials/pages/page-partials/header-sub-nav.php' for inclusion (include_path='.:/Applications/MAMP/bin/php/php5.6.2/lib/php') in /Applications/MAMP/htdocs/minixstyle/catalog/view/theme/default/template/common/header.tpl on line 104
2015-06-17 2:09:21 - PHP Warning:  include(partials/pages/page-partials/cart-quickview.php): failed to open stream: No such file or directory in /Applications/MAMP/htdocs/minixstyle/catalog/view/theme/default/template/common/header.tpl on line 142
2015-06-17 2:09:21 - PHP Warning:  include(): Failed opening 'partials/pages/page-partials/cart-quickview.php' for inclusion (include_path='.:/Applications/MAMP/bin/php/php5.6.2/lib/php') in /Applications/MAMP/htdocs/minixstyle/catalog/view/theme/default/template/common/header.tpl on line 142
2015-06-17 2:12:09 - PHP Warning:  include(partials/pages/page-partials/header-sub-nav.php): failed to open stream: No such file or directory in /Applications/MAMP/htdocs/minixstyle/catalog/view/theme/default/template/common/header.tpl on line 104
2015-06-17 2:12:09 - PHP Warning:  include(): Failed opening 'partials/pages/page-partials/header-sub-nav.php' for inclusion (include_path='.:/Applications/MAMP/bin/php/php5.6.2/lib/php') in /Applications/MAMP/htdocs/minixstyle/catalog/view/theme/default/template/common/header.tpl on line 104
2015-06-17 2:12:09 - PHP Warning:  include(partials/pages/page-partials/cart-quickview.php): failed to open stream: No such file or directory in /Applications/MAMP/htdocs/minixstyle/catalog/view/theme/default/template/common/header.tpl on line 142
2015-06-17 2:12:09 - PHP Warning:  include(): Failed opening 'partials/pages/page-partials/cart-quickview.php' for inclusion (include_path='.:/Applications/MAMP/bin/php/php5.6.2/lib/php') in /Applications/MAMP/htdocs/minixstyle/catalog/view/theme/default/template/common/header.tpl on line 142
2015-06-17 2:12:20 - PHP Warning:  include(partials/pages/page-partials/header-sub-nav.php): failed to open stream: No such file or directory in /Applications/MAMP/htdocs/minixstyle/catalog/view/theme/default/template/common/header.tpl on line 104
2015-06-17 2:12:20 - PHP Warning:  include(): Failed opening 'partials/pages/page-partials/header-sub-nav.php' for inclusion (include_path='.:/Applications/MAMP/bin/php/php5.6.2/lib/php') in /Applications/MAMP/htdocs/minixstyle/catalog/view/theme/default/template/common/header.tpl on line 104
2015-06-17 2:12:20 - PHP Warning:  include(partials/pages/page-partials/cart-quickview.php): failed to open stream: No such file or directory in /Applications/MAMP/htdocs/minixstyle/catalog/view/theme/default/template/common/header.tpl on line 142
2015-06-17 2:12:20 - PHP Warning:  include(): Failed opening 'partials/pages/page-partials/cart-quickview.php' for inclusion (include_path='.:/Applications/MAMP/bin/php/php5.6.2/lib/php') in /Applications/MAMP/htdocs/minixstyle/catalog/view/theme/default/template/common/header.tpl on line 142
2015-06-17 2:12:38 - PHP Warning:  include(partials/pages/page-partials/header-sub-nav.php): failed to open stream: No such file or directory in /Applications/MAMP/htdocs/minixstyle/catalog/view/theme/default/template/common/header.tpl on line 104
2015-06-17 2:12:38 - PHP Warning:  include(): Failed opening 'partials/pages/page-partials/header-sub-nav.php' for inclusion (include_path='.:/Applications/MAMP/bin/php/php5.6.2/lib/php') in /Applications/MAMP/htdocs/minixstyle/catalog/view/theme/default/template/common/header.tpl on line 104
2015-06-17 2:12:38 - PHP Warning:  include(partials/pages/page-partials/cart-quickview.php): failed to open stream: No such file or directory in /Applications/MAMP/htdocs/minixstyle/catalog/view/theme/default/template/common/header.tpl on line 142
2015-06-17 2:12:38 - PHP Warning:  include(): Failed opening 'partials/pages/page-partials/cart-quickview.php' for inclusion (include_path='.:/Applications/MAMP/bin/php/php5.6.2/lib/php') in /Applications/MAMP/htdocs/minixstyle/catalog/view/theme/default/template/common/header.tpl on line 142
2015-06-17 2:13:38 - PHP Warning:  include(partials/pages/page-partials/header-sub-nav.php): failed to open stream: No such file or directory in /Applications/MAMP/htdocs/minixstyle/catalog/view/theme/default/template/common/header.tpl on line 104
2015-06-17 2:13:38 - PHP Warning:  include(): Failed opening 'partials/pages/page-partials/header-sub-nav.php' for inclusion (include_path='.:/Applications/MAMP/bin/php/php5.6.2/lib/php') in /Applications/MAMP/htdocs/minixstyle/catalog/view/theme/default/template/common/header.tpl on line 104
2015-06-17 2:13:38 - PHP Warning:  include(partials/pages/page-partials/cart-quickview.php): failed to open stream: No such file or directory in /Applications/MAMP/htdocs/minixstyle/catalog/view/theme/default/template/common/header.tpl on line 142
2015-06-17 2:13:38 - PHP Warning:  include(): Failed opening 'partials/pages/page-partials/cart-quickview.php' for inclusion (include_path='.:/Applications/MAMP/bin/php/php5.6.2/lib/php') in /Applications/MAMP/htdocs/minixstyle/catalog/view/theme/default/template/common/header.tpl on line 142
2015-06-17 2:13:44 - PHP Warning:  include(partials/pages/page-partials/header-sub-nav.php): failed to open stream: No such file or directory in /Applications/MAMP/htdocs/minixstyle/catalog/view/theme/default/template/common/header.tpl on line 104
2015-06-17 2:13:44 - PHP Warning:  include(): Failed opening 'partials/pages/page-partials/header-sub-nav.php' for inclusion (include_path='.:/Applications/MAMP/bin/php/php5.6.2/lib/php') in /Applications/MAMP/htdocs/minixstyle/catalog/view/theme/default/template/common/header.tpl on line 104
2015-06-17 2:13:44 - PHP Warning:  include(partials/pages/page-partials/cart-quickview.php): failed to open stream: No such file or directory in /Applications/MAMP/htdocs/minixstyle/catalog/view/theme/default/template/common/header.tpl on line 142
2015-06-17 2:13:44 - PHP Warning:  include(): Failed opening 'partials/pages/page-partials/cart-quickview.php' for inclusion (include_path='.:/Applications/MAMP/bin/php/php5.6.2/lib/php') in /Applications/MAMP/htdocs/minixstyle/catalog/view/theme/default/template/common/header.tpl on line 142
2015-06-17 2:13:51 - PHP Warning:  include(partials/pages/page-partials/header-sub-nav.php): failed to open stream: No such file or directory in /Applications/MAMP/htdocs/minixstyle/catalog/view/theme/default/template/common/header.tpl on line 104
2015-06-17 2:13:51 - PHP Warning:  include(): Failed opening 'partials/pages/page-partials/header-sub-nav.php' for inclusion (include_path='.:/Applications/MAMP/bin/php/php5.6.2/lib/php') in /Applications/MAMP/htdocs/minixstyle/catalog/view/theme/default/template/common/header.tpl on line 104
2015-06-17 2:13:51 - PHP Warning:  include(partials/pages/page-partials/cart-quickview.php): failed to open stream: No such file or directory in /Applications/MAMP/htdocs/minixstyle/catalog/view/theme/default/template/common/header.tpl on line 142
2015-06-17 2:13:51 - PHP Warning:  include(): Failed opening 'partials/pages/page-partials/cart-quickview.php' for inclusion (include_path='.:/Applications/MAMP/bin/php/php5.6.2/lib/php') in /Applications/MAMP/htdocs/minixstyle/catalog/view/theme/default/template/common/header.tpl on line 142
2015-06-17 2:13:54 - PHP Warning:  include(partials/pages/page-partials/header-sub-nav.php): failed to open stream: No such file or directory in /Applications/MAMP/htdocs/minixstyle/catalog/view/theme/default/template/common/header.tpl on line 104
2015-06-17 2:13:54 - PHP Warning:  include(): Failed opening 'partials/pages/page-partials/header-sub-nav.php' for inclusion (include_path='.:/Applications/MAMP/bin/php/php5.6.2/lib/php') in /Applications/MAMP/htdocs/minixstyle/catalog/view/theme/default/template/common/header.tpl on line 104
2015-06-17 2:13:54 - PHP Warning:  include(partials/pages/page-partials/cart-quickview.php): failed to open stream: No such file or directory in /Applications/MAMP/htdocs/minixstyle/catalog/view/theme/default/template/common/header.tpl on line 142
2015-06-17 2:13:54 - PHP Warning:  include(): Failed opening 'partials/pages/page-partials/cart-quickview.php' for inclusion (include_path='.:/Applications/MAMP/bin/php/php5.6.2/lib/php') in /Applications/MAMP/htdocs/minixstyle/catalog/view/theme/default/template/common/header.tpl on line 142
2015-06-17 2:13:56 - PHP Warning:  include(partials/pages/page-partials/header-sub-nav.php): failed to open stream: No such file or directory in /Applications/MAMP/htdocs/minixstyle/catalog/view/theme/default/template/common/header.tpl on line 104
2015-06-17 2:13:56 - PHP Warning:  include(): Failed opening 'partials/pages/page-partials/header-sub-nav.php' for inclusion (include_path='.:/Applications/MAMP/bin/php/php5.6.2/lib/php') in /Applications/MAMP/htdocs/minixstyle/catalog/view/theme/default/template/common/header.tpl on line 104
2015-06-17 2:13:56 - PHP Warning:  include(partials/pages/page-partials/cart-quickview.php): failed to open stream: No such file or directory in /Applications/MAMP/htdocs/minixstyle/catalog/view/theme/default/template/common/header.tpl on line 142
2015-06-17 2:13:56 - PHP Warning:  include(): Failed opening 'partials/pages/page-partials/cart-quickview.php' for inclusion (include_path='.:/Applications/MAMP/bin/php/php5.6.2/lib/php') in /Applications/MAMP/htdocs/minixstyle/catalog/view/theme/default/template/common/header.tpl on line 142
2015-06-17 2:13:58 - PHP Warning:  include(partials/pages/page-partials/header-sub-nav.php): failed to open stream: No such file or directory in /Applications/MAMP/htdocs/minixstyle/catalog/view/theme/default/template/common/header.tpl on line 104
2015-06-17 2:13:58 - PHP Warning:  include(): Failed opening 'partials/pages/page-partials/header-sub-nav.php' for inclusion (include_path='.:/Applications/MAMP/bin/php/php5.6.2/lib/php') in /Applications/MAMP/htdocs/minixstyle/catalog/view/theme/default/template/common/header.tpl on line 104
2015-06-17 2:13:58 - PHP Warning:  include(partials/pages/page-partials/cart-quickview.php): failed to open stream: No such file or directory in /Applications/MAMP/htdocs/minixstyle/catalog/view/theme/default/template/common/header.tpl on line 142
2015-06-17 2:13:58 - PHP Warning:  include(): Failed opening 'partials/pages/page-partials/cart-quickview.php' for inclusion (include_path='.:/Applications/MAMP/bin/php/php5.6.2/lib/php') in /Applications/MAMP/htdocs/minixstyle/catalog/view/theme/default/template/common/header.tpl on line 142
2015-06-17 2:14:00 - PHP Warning:  include(partials/pages/page-partials/header-sub-nav.php): failed to open stream: No such file or directory in /Applications/MAMP/htdocs/minixstyle/catalog/view/theme/default/template/common/header.tpl on line 104
2015-06-17 2:14:00 - PHP Warning:  include(): Failed opening 'partials/pages/page-partials/header-sub-nav.php' for inclusion (include_path='.:/Applications/MAMP/bin/php/php5.6.2/lib/php') in /Applications/MAMP/htdocs/minixstyle/catalog/view/theme/default/template/common/header.tpl on line 104
2015-06-17 2:14:00 - PHP Warning:  include(partials/pages/page-partials/cart-quickview.php): failed to open stream: No such file or directory in /Applications/MAMP/htdocs/minixstyle/catalog/view/theme/default/template/common/header.tpl on line 142
2015-06-17 2:14:00 - PHP Warning:  include(): Failed opening 'partials/pages/page-partials/cart-quickview.php' for inclusion (include_path='.:/Applications/MAMP/bin/php/php5.6.2/lib/php') in /Applications/MAMP/htdocs/minixstyle/catalog/view/theme/default/template/common/header.tpl on line 142
2015-06-17 2:14:02 - PHP Warning:  include(partials/pages/page-partials/header-sub-nav.php): failed to open stream: No such file or directory in /Applications/MAMP/htdocs/minixstyle/catalog/view/theme/default/template/common/header.tpl on line 104
2015-06-17 2:14:02 - PHP Warning:  include(): Failed opening 'partials/pages/page-partials/header-sub-nav.php' for inclusion (include_path='.:/Applications/MAMP/bin/php/php5.6.2/lib/php') in /Applications/MAMP/htdocs/minixstyle/catalog/view/theme/default/template/common/header.tpl on line 104
2015-06-17 2:14:02 - PHP Warning:  include(partials/pages/page-partials/cart-quickview.php): failed to open stream: No such file or directory in /Applications/MAMP/htdocs/minixstyle/catalog/view/theme/default/template/common/header.tpl on line 142
2015-06-17 2:14:02 - PHP Warning:  include(): Failed opening 'partials/pages/page-partials/cart-quickview.php' for inclusion (include_path='.:/Applications/MAMP/bin/php/php5.6.2/lib/php') in /Applications/MAMP/htdocs/minixstyle/catalog/view/theme/default/template/common/header.tpl on line 142
2015-06-17 2:17:31 - PHP Warning:  include(partials/pages/page-partials/header-sub-nav.php): failed to open stream: No such file or directory in /Applications/MAMP/htdocs/minixstyle/catalog/view/theme/default/template/common/header.tpl on line 104
2015-06-17 2:17:31 - PHP Warning:  include(): Failed opening 'partials/pages/page-partials/header-sub-nav.php' for inclusion (include_path='.:/Applications/MAMP/bin/php/php5.6.2/lib/php') in /Applications/MAMP/htdocs/minixstyle/catalog/view/theme/default/template/common/header.tpl on line 104
2015-06-17 2:17:31 - PHP Warning:  include(partials/pages/page-partials/cart-quickview.php): failed to open stream: No such file or directory in /Applications/MAMP/htdocs/minixstyle/catalog/view/theme/default/template/common/header.tpl on line 142
2015-06-17 2:17:31 - PHP Warning:  include(): Failed opening 'partials/pages/page-partials/cart-quickview.php' for inclusion (include_path='.:/Applications/MAMP/bin/php/php5.6.2/lib/php') in /Applications/MAMP/htdocs/minixstyle/catalog/view/theme/default/template/common/header.tpl on line 142
2015-06-17 2:17:33 - PHP Warning:  include(partials/pages/page-partials/header-sub-nav.php): failed to open stream: No such file or directory in /Applications/MAMP/htdocs/minixstyle/catalog/view/theme/default/template/common/header.tpl on line 104
2015-06-17 2:17:33 - PHP Warning:  include(): Failed opening 'partials/pages/page-partials/header-sub-nav.php' for inclusion (include_path='.:/Applications/MAMP/bin/php/php5.6.2/lib/php') in /Applications/MAMP/htdocs/minixstyle/catalog/view/theme/default/template/common/header.tpl on line 104
2015-06-17 2:17:33 - PHP Warning:  include(partials/pages/page-partials/cart-quickview.php): failed to open stream: No such file or directory in /Applications/MAMP/htdocs/minixstyle/catalog/view/theme/default/template/common/header.tpl on line 142
2015-06-17 2:17:33 - PHP Warning:  include(): Failed opening 'partials/pages/page-partials/cart-quickview.php' for inclusion (include_path='.:/Applications/MAMP/bin/php/php5.6.2/lib/php') in /Applications/MAMP/htdocs/minixstyle/catalog/view/theme/default/template/common/header.tpl on line 142
2015-06-17 2:19:15 - PHP Warning:  include(catalog/view/theme/default/template/partials/header-sub-nav.php): failed to open stream: No such file or directory in /Applications/MAMP/htdocs/minixstyle/catalog/view/theme/default/template/common/header.tpl on line 104
2015-06-17 2:19:15 - PHP Warning:  include(): Failed opening 'catalog/view/theme/default/template/partials/header-sub-nav.php' for inclusion (include_path='.:/Applications/MAMP/bin/php/php5.6.2/lib/php') in /Applications/MAMP/htdocs/minixstyle/catalog/view/theme/default/template/common/header.tpl on line 104
2015-06-17 2:19:15 - PHP Warning:  include(partials/pages/page-partials/cart-quickview.php): failed to open stream: No such file or directory in /Applications/MAMP/htdocs/minixstyle/catalog/view/theme/default/template/common/header.tpl on line 142
2015-06-17 2:19:15 - PHP Warning:  include(): Failed opening 'partials/pages/page-partials/cart-quickview.php' for inclusion (include_path='.:/Applications/MAMP/bin/php/php5.6.2/lib/php') in /Applications/MAMP/htdocs/minixstyle/catalog/view/theme/default/template/common/header.tpl on line 142
2015-06-17 2:20:07 - PHP Warning:  include(partials/pages/page-partials/cart-quickview.php): failed to open stream: No such file or directory in /Applications/MAMP/htdocs/minixstyle/catalog/view/theme/default/template/common/header.tpl on line 142
2015-06-17 2:20:07 - PHP Warning:  include(): Failed opening 'partials/pages/page-partials/cart-quickview.php' for inclusion (include_path='.:/Applications/MAMP/bin/php/php5.6.2/lib/php') in /Applications/MAMP/htdocs/minixstyle/catalog/view/theme/default/template/common/header.tpl on line 142
2015-06-17 2:22:12 - PHP Warning:  include(partials/pages/page-partials/cart-quickview.php): failed to open stream: No such file or directory in /Applications/MAMP/htdocs/minixstyle/catalog/view/theme/default/template/common/header.tpl on line 139
2015-06-17 2:22:12 - PHP Warning:  include(): Failed opening 'partials/pages/page-partials/cart-quickview.php' for inclusion (include_path='.:/Applications/MAMP/bin/php/php5.6.2/lib/php') in /Applications/MAMP/htdocs/minixstyle/catalog/view/theme/default/template/common/header.tpl on line 139
2015-06-17 2:22:17 - PHP Warning:  include(partials/pages/page-partials/cart-quickview.php): failed to open stream: No such file or directory in /Applications/MAMP/htdocs/minixstyle/catalog/view/theme/default/template/common/header.tpl on line 139
2015-06-17 2:22:17 - PHP Warning:  include(): Failed opening 'partials/pages/page-partials/cart-quickview.php' for inclusion (include_path='.:/Applications/MAMP/bin/php/php5.6.2/lib/php') in /Applications/MAMP/htdocs/minixstyle/catalog/view/theme/default/template/common/header.tpl on line 139
2015-06-17 2:22:21 - PHP Warning:  include(partials/pages/page-partials/cart-quickview.php): failed to open stream: No such file or directory in /Applications/MAMP/htdocs/minixstyle/catalog/view/theme/default/template/common/header.tpl on line 139
2015-06-17 2:22:21 - PHP Warning:  include(): Failed opening 'partials/pages/page-partials/cart-quickview.php' for inclusion (include_path='.:/Applications/MAMP/bin/php/php5.6.2/lib/php') in /Applications/MAMP/htdocs/minixstyle/catalog/view/theme/default/template/common/header.tpl on line 139
2015-06-17 2:23:34 - PHP Warning:  include(partials/pages/page-partials/cart-quickview.php): failed to open stream: No such file or directory in /Applications/MAMP/htdocs/minixstyle/catalog/view/theme/default/template/common/header.tpl on line 139
2015-06-17 2:23:34 - PHP Warning:  include(): Failed opening 'partials/pages/page-partials/cart-quickview.php' for inclusion (include_path='.:/Applications/MAMP/bin/php/php5.6.2/lib/php') in /Applications/MAMP/htdocs/minixstyle/catalog/view/theme/default/template/common/header.tpl on line 139
2015-06-17 2:23:38 - PHP Warning:  include(partials/pages/page-partials/cart-quickview.php): failed to open stream: No such file or directory in /Applications/MAMP/htdocs/minixstyle/catalog/view/theme/default/template/common/header.tpl on line 139
2015-06-17 2:23:38 - PHP Warning:  include(): Failed opening 'partials/pages/page-partials/cart-quickview.php' for inclusion (include_path='.:/Applications/MAMP/bin/php/php5.6.2/lib/php') in /Applications/MAMP/htdocs/minixstyle/catalog/view/theme/default/template/common/header.tpl on line 139
2015-06-17 2:48:39 - PHP Warning:  include(partials/pages/page-partials/cart-quickview.php): failed to open stream: No such file or directory in /Applications/MAMP/htdocs/minixstyle/catalog/view/theme/default/template/common/header.tpl on line 139
2015-06-17 2:48:39 - PHP Warning:  include(): Failed opening 'partials/pages/page-partials/cart-quickview.php' for inclusion (include_path='.:/Applications/MAMP/bin/php/php5.6.2/lib/php') in /Applications/MAMP/htdocs/minixstyle/catalog/view/theme/default/template/common/header.tpl on line 139
2015-06-17 2:49:00 - PHP Warning:  include(partials/pages/page-partials/cart-quickview.php): failed to open stream: No such file or directory in /Applications/MAMP/htdocs/minixstyle/catalog/view/theme/default/template/common/header.tpl on line 139
2015-06-17 2:49:00 - PHP Warning:  include(): Failed opening 'partials/pages/page-partials/cart-quickview.php' for inclusion (include_path='.:/Applications/MAMP/bin/php/php5.6.2/lib/php') in /Applications/MAMP/htdocs/minixstyle/catalog/view/theme/default/template/common/header.tpl on line 139
2015-06-17 2:49:11 - PHP Warning:  include(partials/pages/page-partials/cart-quickview.php): failed to open stream: No such file or directory in /Applications/MAMP/htdocs/minixstyle/catalog/view/theme/default/template/common/header.tpl on line 139
2015-06-17 2:49:11 - PHP Warning:  include(): Failed opening 'partials/pages/page-partials/cart-quickview.php' for inclusion (include_path='.:/Applications/MAMP/bin/php/php5.6.2/lib/php') in /Applications/MAMP/htdocs/minixstyle/catalog/view/theme/default/template/common/header.tpl on line 139
2015-06-17 2:51:45 - PHP Warning:  include(partials/pages/page-partials/cart-quickview.php): failed to open stream: No such file or directory in /Applications/MAMP/htdocs/minixstyle/catalog/view/theme/default/template/common/header.tpl on line 139
2015-06-17 2:51:45 - PHP Warning:  include(): Failed opening 'partials/pages/page-partials/cart-quickview.php' for inclusion (include_path='.:/Applications/MAMP/bin/php/php5.6.2/lib/php') in /Applications/MAMP/htdocs/minixstyle/catalog/view/theme/default/template/common/header.tpl on line 139
2015-06-17 2:53:26 - PHP Warning:  include(partials/pages/page-partials/cart-quickview.php): failed to open stream: No such file or directory in /Applications/MAMP/htdocs/minixstyle/catalog/view/theme/default/template/common/header.tpl on line 139
2015-06-17 2:53:26 - PHP Warning:  include(): Failed opening 'partials/pages/page-partials/cart-quickview.php' for inclusion (include_path='.:/Applications/MAMP/bin/php/php5.6.2/lib/php') in /Applications/MAMP/htdocs/minixstyle/catalog/view/theme/default/template/common/header.tpl on line 139
2015-06-17 2:53:49 - PHP Warning:  include(partials/pages/page-partials/cart-quickview.php): failed to open stream: No such file or directory in /Applications/MAMP/htdocs/minixstyle/catalog/view/theme/default/template/common/header.tpl on line 139
2015-06-17 2:53:49 - PHP Warning:  include(): Failed opening 'partials/pages/page-partials/cart-quickview.php' for inclusion (include_path='.:/Applications/MAMP/bin/php/php5.6.2/lib/php') in /Applications/MAMP/htdocs/minixstyle/catalog/view/theme/default/template/common/header.tpl on line 139
2015-06-17 2:54:44 - PHP Warning:  include(partials/pages/page-partials/cart-quickview.php): failed to open stream: No such file or directory in /Applications/MAMP/htdocs/minixstyle/catalog/view/theme/default/template/common/header.tpl on line 139
2015-06-17 2:54:44 - PHP Warning:  include(): Failed opening 'partials/pages/page-partials/cart-quickview.php' for inclusion (include_path='.:/Applications/MAMP/bin/php/php5.6.2/lib/php') in /Applications/MAMP/htdocs/minixstyle/catalog/view/theme/default/template/common/header.tpl on line 139
2015-06-17 2:57:00 - PHP Warning:  include(partials/pages/page-partials/cart-quickview.php): failed to open stream: No such file or directory in /Applications/MAMP/htdocs/minixstyle/catalog/view/theme/default/template/common/header.tpl on line 139
2015-06-17 2:57:00 - PHP Warning:  include(): Failed opening 'partials/pages/page-partials/cart-quickview.php' for inclusion (include_path='.:/Applications/MAMP/bin/php/php5.6.2/lib/php') in /Applications/MAMP/htdocs/minixstyle/catalog/view/theme/default/template/common/header.tpl on line 139
2015-06-17 2:57:39 - PHP Warning:  include(partials/pages/page-partials/cart-quickview.php): failed to open stream: No such file or directory in /Applications/MAMP/htdocs/minixstyle/catalog/view/theme/default/template/common/header.tpl on line 139
2015-06-17 2:57:39 - PHP Warning:  include(): Failed opening 'partials/pages/page-partials/cart-quickview.php' for inclusion (include_path='.:/Applications/MAMP/bin/php/php5.6.2/lib/php') in /Applications/MAMP/htdocs/minixstyle/catalog/view/theme/default/template/common/header.tpl on line 139
2015-06-17 2:57:48 - PHP Warning:  include(partials/pages/page-partials/cart-quickview.php): failed to open stream: No such file or directory in /Applications/MAMP/htdocs/minixstyle/catalog/view/theme/default/template/common/header.tpl on line 139
2015-06-17 2:57:48 - PHP Warning:  include(): Failed opening 'partials/pages/page-partials/cart-quickview.php' for inclusion (include_path='.:/Applications/MAMP/bin/php/php5.6.2/lib/php') in /Applications/MAMP/htdocs/minixstyle/catalog/view/theme/default/template/common/header.tpl on line 139
2015-06-17 2:57:53 - PHP Warning:  include(partials/pages/page-partials/cart-quickview.php): failed to open stream: No such file or directory in /Applications/MAMP/htdocs/minixstyle/catalog/view/theme/default/template/common/header.tpl on line 139
2015-06-17 2:57:53 - PHP Warning:  include(): Failed opening 'partials/pages/page-partials/cart-quickview.php' for inclusion (include_path='.:/Applications/MAMP/bin/php/php5.6.2/lib/php') in /Applications/MAMP/htdocs/minixstyle/catalog/view/theme/default/template/common/header.tpl on line 139
2015-06-17 2:57:56 - PHP Warning:  include(partials/pages/page-partials/cart-quickview.php): failed to open stream: No such file or directory in /Applications/MAMP/htdocs/minixstyle/catalog/view/theme/default/template/common/header.tpl on line 139
2015-06-17 2:57:56 - PHP Warning:  include(): Failed opening 'partials/pages/page-partials/cart-quickview.php' for inclusion (include_path='.:/Applications/MAMP/bin/php/php5.6.2/lib/php') in /Applications/MAMP/htdocs/minixstyle/catalog/view/theme/default/template/common/header.tpl on line 139
2015-06-17 2:58:02 - PHP Warning:  include(partials/pages/page-partials/cart-quickview.php): failed to open stream: No such file or directory in /Applications/MAMP/htdocs/minixstyle/catalog/view/theme/default/template/common/header.tpl on line 139
2015-06-17 2:58:02 - PHP Warning:  include(): Failed opening 'partials/pages/page-partials/cart-quickview.php' for inclusion (include_path='.:/Applications/MAMP/bin/php/php5.6.2/lib/php') in /Applications/MAMP/htdocs/minixstyle/catalog/view/theme/default/template/common/header.tpl on line 139
2015-06-17 2:58:10 - PHP Warning:  include(partials/pages/page-partials/cart-quickview.php): failed to open stream: No such file or directory in /Applications/MAMP/htdocs/minixstyle/catalog/view/theme/default/template/common/header.tpl on line 139
2015-06-17 2:58:10 - PHP Warning:  include(): Failed opening 'partials/pages/page-partials/cart-quickview.php' for inclusion (include_path='.:/Applications/MAMP/bin/php/php5.6.2/lib/php') in /Applications/MAMP/htdocs/minixstyle/catalog/view/theme/default/template/common/header.tpl on line 139
2015-06-17 2:58:38 - PHP Warning:  include(partials/pages/page-partials/cart-quickview.php): failed to open stream: No such file or directory in /Applications/MAMP/htdocs/minixstyle/catalog/view/theme/default/template/common/header.tpl on line 139
2015-06-17 2:58:38 - PHP Warning:  include(): Failed opening 'partials/pages/page-partials/cart-quickview.php' for inclusion (include_path='.:/Applications/MAMP/bin/php/php5.6.2/lib/php') in /Applications/MAMP/htdocs/minixstyle/catalog/view/theme/default/template/common/header.tpl on line 139
2015-06-17 3:00:05 - PHP Warning:  include(partials/pages/page-partials/cart-quickview.php): failed to open stream: No such file or directory in /Applications/MAMP/htdocs/minixstyle/catalog/view/theme/default/template/common/header.tpl on line 139
2015-06-17 3:00:05 - PHP Warning:  include(): Failed opening 'partials/pages/page-partials/cart-quickview.php' for inclusion (include_path='.:/Applications/MAMP/bin/php/php5.6.2/lib/php') in /Applications/MAMP/htdocs/minixstyle/catalog/view/theme/default/template/common/header.tpl on line 139
2015-06-17 3:01:00 - PHP Warning:  include(partials/pages/page-partials/cart-quickview.php): failed to open stream: No such file or directory in /Applications/MAMP/htdocs/minixstyle/catalog/view/theme/default/template/common/header.tpl on line 139
2015-06-17 3:01:00 - PHP Warning:  include(): Failed opening 'partials/pages/page-partials/cart-quickview.php' for inclusion (include_path='.:/Applications/MAMP/bin/php/php5.6.2/lib/php') in /Applications/MAMP/htdocs/minixstyle/catalog/view/theme/default/template/common/header.tpl on line 139
2015-06-17 3:02:01 - PHP Warning:  include(partials/pages/page-partials/cart-quickview.php): failed to open stream: No such file or directory in /Applications/MAMP/htdocs/minixstyle/catalog/view/theme/default/template/common/header.tpl on line 139
2015-06-17 3:02:01 - PHP Warning:  include(): Failed opening 'partials/pages/page-partials/cart-quickview.php' for inclusion (include_path='.:/Applications/MAMP/bin/php/php5.6.2/lib/php') in /Applications/MAMP/htdocs/minixstyle/catalog/view/theme/default/template/common/header.tpl on line 139
2015-06-17 3:03:19 - PHP Warning:  include(partials/pages/page-partials/cart-quickview.php): failed to open stream: No such file or directory in /Applications/MAMP/htdocs/minixstyle/catalog/view/theme/default/template/common/header.tpl on line 139
2015-06-17 3:03:19 - PHP Warning:  include(): Failed opening 'partials/pages/page-partials/cart-quickview.php' for inclusion (include_path='.:/Applications/MAMP/bin/php/php5.6.2/lib/php') in /Applications/MAMP/htdocs/minixstyle/catalog/view/theme/default/template/common/header.tpl on line 139
2015-06-17 3:04:02 - PHP Warning:  include(partials/pages/page-partials/cart-quickview.php): failed to open stream: No such file or directory in /Applications/MAMP/htdocs/minixstyle/catalog/view/theme/default/template/common/header.tpl on line 139
2015-06-17 3:04:02 - PHP Warning:  include(): Failed opening 'partials/pages/page-partials/cart-quickview.php' for inclusion (include_path='.:/Applications/MAMP/bin/php/php5.6.2/lib/php') in /Applications/MAMP/htdocs/minixstyle/catalog/view/theme/default/template/common/header.tpl on line 139
2015-06-17 3:04:53 - PHP Warning:  include(partials/pages/page-partials/cart-quickview.php): failed to open stream: No such file or directory in /Applications/MAMP/htdocs/minixstyle/catalog/view/theme/default/template/common/header.tpl on line 139
2015-06-17 3:04:53 - PHP Warning:  include(): Failed opening 'partials/pages/page-partials/cart-quickview.php' for inclusion (include_path='.:/Applications/MAMP/bin/php/php5.6.2/lib/php') in /Applications/MAMP/htdocs/minixstyle/catalog/view/theme/default/template/common/header.tpl on line 139
2015-06-17 3:06:13 - PHP Warning:  include(partials/pages/page-partials/cart-quickview.php): failed to open stream: No such file or directory in /Applications/MAMP/htdocs/minixstyle/catalog/view/theme/default/template/common/header.tpl on line 139
2015-06-17 3:06:13 - PHP Warning:  include(): Failed opening 'partials/pages/page-partials/cart-quickview.php' for inclusion (include_path='.:/Applications/MAMP/bin/php/php5.6.2/lib/php') in /Applications/MAMP/htdocs/minixstyle/catalog/view/theme/default/template/common/header.tpl on line 139
2015-06-17 3:06:34 - PHP Warning:  include(partials/pages/page-partials/cart-quickview.php): failed to open stream: No such file or directory in /Applications/MAMP/htdocs/minixstyle/catalog/view/theme/default/template/common/header.tpl on line 139
2015-06-17 3:06:34 - PHP Warning:  include(): Failed opening 'partials/pages/page-partials/cart-quickview.php' for inclusion (include_path='.:/Applications/MAMP/bin/php/php5.6.2/lib/php') in /Applications/MAMP/htdocs/minixstyle/catalog/view/theme/default/template/common/header.tpl on line 139
2015-06-17 3:08:42 - PHP Warning:  include(partials/pages/page-partials/cart-quickview.php): failed to open stream: No such file or directory in /Applications/MAMP/htdocs/minixstyle/catalog/view/theme/default/template/common/header.tpl on line 139
2015-06-17 3:08:42 - PHP Warning:  include(): Failed opening 'partials/pages/page-partials/cart-quickview.php' for inclusion (include_path='.:/Applications/MAMP/bin/php/php5.6.2/lib/php') in /Applications/MAMP/htdocs/minixstyle/catalog/view/theme/default/template/common/header.tpl on line 139
2015-06-17 3:09:28 - PHP Warning:  include(partials/pages/page-partials/cart-quickview.php): failed to open stream: No such file or directory in /Applications/MAMP/htdocs/minixstyle/catalog/view/theme/default/template/common/header.tpl on line 139
2015-06-17 3:09:28 - PHP Warning:  include(): Failed opening 'partials/pages/page-partials/cart-quickview.php' for inclusion (include_path='.:/Applications/MAMP/bin/php/php5.6.2/lib/php') in /Applications/MAMP/htdocs/minixstyle/catalog/view/theme/default/template/common/header.tpl on line 139
2015-06-17 3:10:14 - PHP Warning:  include(partials/pages/page-partials/cart-quickview.php): failed to open stream: No such file or directory in /Applications/MAMP/htdocs/minixstyle/catalog/view/theme/default/template/common/header.tpl on line 139
2015-06-17 3:10:14 - PHP Warning:  include(): Failed opening 'partials/pages/page-partials/cart-quickview.php' for inclusion (include_path='.:/Applications/MAMP/bin/php/php5.6.2/lib/php') in /Applications/MAMP/htdocs/minixstyle/catalog/view/theme/default/template/common/header.tpl on line 139
2015-06-17 3:10:14 - PHP Notice:  Undefined variable: class in /Applications/MAMP/htdocs/minixstyle/catalog/view/theme/default/template/product/product.tpl on line 54
2015-06-17 3:12:25 - PHP Warning:  include(partials/pages/page-partials/cart-quickview.php): failed to open stream: No such file or directory in /Applications/MAMP/htdocs/minixstyle/catalog/view/theme/default/template/common/header.tpl on line 139
2015-06-17 3:12:25 - PHP Warning:  include(): Failed opening 'partials/pages/page-partials/cart-quickview.php' for inclusion (include_path='.:/Applications/MAMP/bin/php/php5.6.2/lib/php') in /Applications/MAMP/htdocs/minixstyle/catalog/view/theme/default/template/common/header.tpl on line 139
2015-06-17 3:12:25 - PHP Notice:  Undefined variable: class in /Applications/MAMP/htdocs/minixstyle/catalog/view/theme/default/template/product/product.tpl on line 54
2015-06-17 3:12:40 - PHP Warning:  include(partials/pages/page-partials/cart-quickview.php): failed to open stream: No such file or directory in /Applications/MAMP/htdocs/minixstyle/catalog/view/theme/default/template/common/header.tpl on line 139
2015-06-17 3:12:40 - PHP Warning:  include(): Failed opening 'partials/pages/page-partials/cart-quickview.php' for inclusion (include_path='.:/Applications/MAMP/bin/php/php5.6.2/lib/php') in /Applications/MAMP/htdocs/minixstyle/catalog/view/theme/default/template/common/header.tpl on line 139
2015-06-17 3:12:40 - PHP Notice:  Undefined variable: class in /Applications/MAMP/htdocs/minixstyle/catalog/view/theme/default/template/product/product.tpl on line 54
2015-06-17 3:13:32 - PHP Warning:  include(partials/pages/page-partials/cart-quickview.php): failed to open stream: No such file or directory in /Applications/MAMP/htdocs/minixstyle/catalog/view/theme/default/template/common/header.tpl on line 139
2015-06-17 3:13:32 - PHP Warning:  include(): Failed opening 'partials/pages/page-partials/cart-quickview.php' for inclusion (include_path='.:/Applications/MAMP/bin/php/php5.6.2/lib/php') in /Applications/MAMP/htdocs/minixstyle/catalog/view/theme/default/template/common/header.tpl on line 139
2015-06-17 3:13:32 - PHP Notice:  Undefined variable: class in /Applications/MAMP/htdocs/minixstyle/catalog/view/theme/default/template/product/product.tpl on line 54
2015-06-17 3:15:11 - PHP Warning:  include(partials/pages/page-partials/cart-quickview.php): failed to open stream: No such file or directory in /Applications/MAMP/htdocs/minixstyle/catalog/view/theme/default/template/common/header.tpl on line 139
2015-06-17 3:15:11 - PHP Warning:  include(): Failed opening 'partials/pages/page-partials/cart-quickview.php' for inclusion (include_path='.:/Applications/MAMP/bin/php/php5.6.2/lib/php') in /Applications/MAMP/htdocs/minixstyle/catalog/view/theme/default/template/common/header.tpl on line 139
2015-06-17 3:15:11 - PHP Notice:  Undefined variable: class in /Applications/MAMP/htdocs/minixstyle/catalog/view/theme/default/template/product/product.tpl on line 69
2015-06-17 3:16:51 - PHP Warning:  include(partials/pages/page-partials/cart-quickview.php): failed to open stream: No such file or directory in /Applications/MAMP/htdocs/minixstyle/catalog/view/theme/default/template/common/header.tpl on line 138
2015-06-17 3:16:51 - PHP Warning:  include(): Failed opening 'partials/pages/page-partials/cart-quickview.php' for inclusion (include_path='.:/Applications/MAMP/bin/php/php5.6.2/lib/php') in /Applications/MAMP/htdocs/minixstyle/catalog/view/theme/default/template/common/header.tpl on line 138
2015-06-17 3:16:51 - PHP Notice:  Undefined variable: class in /Applications/MAMP/htdocs/minixstyle/catalog/view/theme/default/template/product/product.tpl on line 69
2015-06-17 3:17:37 - PHP Warning:  include(partials/pages/page-partials/cart-quickview.php): failed to open stream: No such file or directory in /Applications/MAMP/htdocs/minixstyle/catalog/view/theme/default/template/common/header.tpl on line 138
2015-06-17 3:17:37 - PHP Warning:  include(): Failed opening 'partials/pages/page-partials/cart-quickview.php' for inclusion (include_path='.:/Applications/MAMP/bin/php/php5.6.2/lib/php') in /Applications/MAMP/htdocs/minixstyle/catalog/view/theme/default/template/common/header.tpl on line 138
2015-06-17 3:17:37 - PHP Notice:  Undefined variable: class in /Applications/MAMP/htdocs/minixstyle/catalog/view/theme/default/template/product/product.tpl on line 69
2015-06-17 3:18:20 - PHP Notice:  Undefined variable: scripts in /Applications/MAMP/htdocs/minixstyle/catalog/view/theme/default/template/common/footer.tpl on line 50
2015-06-17 3:18:20 - PHP Warning:  Invalid argument supplied for foreach() in /Applications/MAMP/htdocs/minixstyle/catalog/view/theme/default/template/common/footer.tpl on line 50
2015-06-17 3:18:20 - PHP Warning:  include(partials/pages/page-partials/cart-quickview.php): failed to open stream: No such file or directory in /Applications/MAMP/htdocs/minixstyle/catalog/view/theme/default/template/common/header.tpl on line 137
2015-06-17 3:18:20 - PHP Warning:  include(): Failed opening 'partials/pages/page-partials/cart-quickview.php' for inclusion (include_path='.:/Applications/MAMP/bin/php/php5.6.2/lib/php') in /Applications/MAMP/htdocs/minixstyle/catalog/view/theme/default/template/common/header.tpl on line 137
2015-06-17 3:18:20 - PHP Notice:  Undefined variable: class in /Applications/MAMP/htdocs/minixstyle/catalog/view/theme/default/template/product/product.tpl on line 69
2015-06-17 3:18:24 - PHP Notice:  Undefined variable: scripts in /Applications/MAMP/htdocs/minixstyle/catalog/view/theme/default/template/common/footer.tpl on line 50
2015-06-17 3:18:24 - PHP Warning:  Invalid argument supplied for foreach() in /Applications/MAMP/htdocs/minixstyle/catalog/view/theme/default/template/common/footer.tpl on line 50
2015-06-17 3:18:24 - PHP Warning:  include(partials/pages/page-partials/cart-quickview.php): failed to open stream: No such file or directory in /Applications/MAMP/htdocs/minixstyle/catalog/view/theme/default/template/common/header.tpl on line 137
2015-06-17 3:18:24 - PHP Warning:  include(): Failed opening 'partials/pages/page-partials/cart-quickview.php' for inclusion (include_path='.:/Applications/MAMP/bin/php/php5.6.2/lib/php') in /Applications/MAMP/htdocs/minixstyle/catalog/view/theme/default/template/common/header.tpl on line 137
2015-06-17 3:18:24 - PHP Notice:  Undefined variable: class in /Applications/MAMP/htdocs/minixstyle/catalog/view/theme/default/template/product/product.tpl on line 69
2015-06-17 3:18:41 - PHP Notice:  Undefined variable: scripts in /Applications/MAMP/htdocs/minixstyle/catalog/view/theme/default/template/common/footer.tpl on line 50
2015-06-17 3:18:41 - PHP Warning:  Invalid argument supplied for foreach() in /Applications/MAMP/htdocs/minixstyle/catalog/view/theme/default/template/common/footer.tpl on line 50
2015-06-17 3:18:41 - PHP Warning:  include(partials/pages/page-partials/cart-quickview.php): failed to open stream: No such file or directory in /Applications/MAMP/htdocs/minixstyle/catalog/view/theme/default/template/common/header.tpl on line 136
2015-06-17 3:18:41 - PHP Warning:  include(): Failed opening 'partials/pages/page-partials/cart-quickview.php' for inclusion (include_path='.:/Applications/MAMP/bin/php/php5.6.2/lib/php') in /Applications/MAMP/htdocs/minixstyle/catalog/view/theme/default/template/common/header.tpl on line 136
2015-06-17 3:18:41 - PHP Notice:  Undefined variable: class in /Applications/MAMP/htdocs/minixstyle/catalog/view/theme/default/template/product/product.tpl on line 69
2015-06-17 3:20:32 - PHP Notice:  Undefined variable: scripts in /Applications/MAMP/htdocs/minixstyle/catalog/view/theme/default/template/common/footer.tpl on line 50
2015-06-17 3:20:32 - PHP Warning:  Invalid argument supplied for foreach() in /Applications/MAMP/htdocs/minixstyle/catalog/view/theme/default/template/common/footer.tpl on line 50
2015-06-17 3:20:32 - PHP Warning:  include(partials/pages/page-partials/cart-quickview.php): failed to open stream: No such file or directory in /Applications/MAMP/htdocs/minixstyle/catalog/view/theme/default/template/common/header.tpl on line 136
2015-06-17 3:20:32 - PHP Warning:  include(): Failed opening 'partials/pages/page-partials/cart-quickview.php' for inclusion (include_path='.:/Applications/MAMP/bin/php/php5.6.2/lib/php') in /Applications/MAMP/htdocs/minixstyle/catalog/view/theme/default/template/common/header.tpl on line 136
2015-06-17 3:20:32 - PHP Notice:  Undefined variable: class in /Applications/MAMP/htdocs/minixstyle/catalog/view/theme/default/template/product/product.tpl on line 69
2015-06-17 3:20:49 - PHP Notice:  Undefined variable: scripts in /Applications/MAMP/htdocs/minixstyle/catalog/view/theme/default/template/common/footer.tpl on line 50
2015-06-17 3:20:49 - PHP Warning:  Invalid argument supplied for foreach() in /Applications/MAMP/htdocs/minixstyle/catalog/view/theme/default/template/common/footer.tpl on line 50
2015-06-17 3:20:49 - PHP Warning:  include(partials/pages/page-partials/cart-quickview.php): failed to open stream: No such file or directory in /Applications/MAMP/htdocs/minixstyle/catalog/view/theme/default/template/common/header.tpl on line 136
2015-06-17 3:20:49 - PHP Warning:  include(): Failed opening 'partials/pages/page-partials/cart-quickview.php' for inclusion (include_path='.:/Applications/MAMP/bin/php/php5.6.2/lib/php') in /Applications/MAMP/htdocs/minixstyle/catalog/view/theme/default/template/common/header.tpl on line 136
2015-06-17 3:20:49 - PHP Notice:  Undefined variable: class in /Applications/MAMP/htdocs/minixstyle/catalog/view/theme/default/template/product/product.tpl on line 69
2015-06-17 3:21:19 - PHP Notice:  Undefined variable: scripts in /Applications/MAMP/htdocs/minixstyle/catalog/view/theme/default/template/common/footer.tpl on line 50
2015-06-17 3:21:19 - PHP Warning:  Invalid argument supplied for foreach() in /Applications/MAMP/htdocs/minixstyle/catalog/view/theme/default/template/common/footer.tpl on line 50
2015-06-17 3:21:19 - PHP Warning:  include(partials/pages/page-partials/cart-quickview.php): failed to open stream: No such file or directory in /Applications/MAMP/htdocs/minixstyle/catalog/view/theme/default/template/common/header.tpl on line 136
2015-06-17 3:21:19 - PHP Warning:  include(): Failed opening 'partials/pages/page-partials/cart-quickview.php' for inclusion (include_path='.:/Applications/MAMP/bin/php/php5.6.2/lib/php') in /Applications/MAMP/htdocs/minixstyle/catalog/view/theme/default/template/common/header.tpl on line 136
2015-06-17 3:21:19 - PHP Notice:  Undefined variable: class in /Applications/MAMP/htdocs/minixstyle/catalog/view/theme/default/template/product/product.tpl on line 69
2015-06-17 3:23:07 - PHP Notice:  Undefined variable: scripts in /Applications/MAMP/htdocs/minixstyle/catalog/view/theme/default/template/common/footer.tpl on line 51
2015-06-17 3:23:07 - PHP Warning:  Invalid argument supplied for foreach() in /Applications/MAMP/htdocs/minixstyle/catalog/view/theme/default/template/common/footer.tpl on line 51
2015-06-17 3:23:07 - PHP Warning:  include(partials/pages/page-partials/cart-quickview.php): failed to open stream: No such file or directory in /Applications/MAMP/htdocs/minixstyle/catalog/view/theme/default/template/common/header.tpl on line 136
2015-06-17 3:23:07 - PHP Warning:  include(): Failed opening 'partials/pages/page-partials/cart-quickview.php' for inclusion (include_path='.:/Applications/MAMP/bin/php/php5.6.2/lib/php') in /Applications/MAMP/htdocs/minixstyle/catalog/view/theme/default/template/common/header.tpl on line 136
2015-06-17 3:23:49 - PHP Notice:  Undefined variable: scripts in /Applications/MAMP/htdocs/minixstyle/catalog/view/theme/default/template/common/footer.tpl on line 51
2015-06-17 3:23:49 - PHP Warning:  Invalid argument supplied for foreach() in /Applications/MAMP/htdocs/minixstyle/catalog/view/theme/default/template/common/footer.tpl on line 51
2015-06-17 3:23:49 - PHP Warning:  include(partials/pages/page-partials/cart-quickview.php): failed to open stream: No such file or directory in /Applications/MAMP/htdocs/minixstyle/catalog/view/theme/default/template/common/header.tpl on line 136
2015-06-17 3:23:49 - PHP Warning:  include(): Failed opening 'partials/pages/page-partials/cart-quickview.php' for inclusion (include_path='.:/Applications/MAMP/bin/php/php5.6.2/lib/php') in /Applications/MAMP/htdocs/minixstyle/catalog/view/theme/default/template/common/header.tpl on line 136
2015-06-17 3:23:49 - PHP Notice:  Undefined variable: class in /Applications/MAMP/htdocs/minixstyle/catalog/view/theme/default/template/product/product.tpl on line 69
2015-06-17 3:24:23 - PHP Notice:  Undefined variable: scripts in /Applications/MAMP/htdocs/minixstyle/catalog/view/theme/default/template/common/footer.tpl on line 51
2015-06-17 3:24:23 - PHP Warning:  Invalid argument supplied for foreach() in /Applications/MAMP/htdocs/minixstyle/catalog/view/theme/default/template/common/footer.tpl on line 51
2015-06-17 3:24:23 - PHP Warning:  include(partials/pages/page-partials/cart-quickview.php): failed to open stream: No such file or directory in /Applications/MAMP/htdocs/minixstyle/catalog/view/theme/default/template/common/header.tpl on line 136
2015-06-17 3:24:23 - PHP Warning:  include(): Failed opening 'partials/pages/page-partials/cart-quickview.php' for inclusion (include_path='.:/Applications/MAMP/bin/php/php5.6.2/lib/php') in /Applications/MAMP/htdocs/minixstyle/catalog/view/theme/default/template/common/header.tpl on line 136
2015-06-17 3:24:23 - PHP Notice:  Undefined index: full in /Applications/MAMP/htdocs/minixstyle/catalog/view/theme/default/template/product/product.tpl on line 46
2015-06-17 3:24:23 - PHP Notice:  Undefined index: full in /Applications/MAMP/htdocs/minixstyle/catalog/view/theme/default/template/product/product.tpl on line 46
2015-06-17 3:24:23 - PHP Notice:  Undefined index: full in /Applications/MAMP/htdocs/minixstyle/catalog/view/theme/default/template/product/product.tpl on line 46
2015-06-17 3:24:23 - PHP Notice:  Undefined index: full in /Applications/MAMP/htdocs/minixstyle/catalog/view/theme/default/template/product/product.tpl on line 46
2015-06-17 3:24:23 - PHP Notice:  Undefined index: full in /Applications/MAMP/htdocs/minixstyle/catalog/view/theme/default/template/product/product.tpl on line 46
2015-06-17 3:24:23 - PHP Notice:  Undefined variable: class in /Applications/MAMP/htdocs/minixstyle/catalog/view/theme/default/template/product/product.tpl on line 69
2015-06-17 3:26:00 - PHP Notice:  Undefined variable: scripts in /Applications/MAMP/htdocs/minixstyle/catalog/view/theme/default/template/common/footer.tpl on line 51
2015-06-17 3:26:00 - PHP Warning:  Invalid argument supplied for foreach() in /Applications/MAMP/htdocs/minixstyle/catalog/view/theme/default/template/common/footer.tpl on line 51
2015-06-17 3:26:00 - PHP Warning:  include(partials/pages/page-partials/cart-quickview.php): failed to open stream: No such file or directory in /Applications/MAMP/htdocs/minixstyle/catalog/view/theme/default/template/common/header.tpl on line 136
2015-06-17 3:26:00 - PHP Warning:  include(): Failed opening 'partials/pages/page-partials/cart-quickview.php' for inclusion (include_path='.:/Applications/MAMP/bin/php/php5.6.2/lib/php') in /Applications/MAMP/htdocs/minixstyle/catalog/view/theme/default/template/common/header.tpl on line 136
2015-06-17 3:26:00 - PHP Notice:  Undefined variable: class in /Applications/MAMP/htdocs/minixstyle/catalog/view/theme/default/template/product/product.tpl on line 69
2015-06-17 3:28:41 - PHP Notice:  Undefined variable: scripts in /Applications/MAMP/htdocs/minixstyle/catalog/view/theme/default/template/common/footer.tpl on line 51
2015-06-17 3:28:41 - PHP Warning:  Invalid argument supplied for foreach() in /Applications/MAMP/htdocs/minixstyle/catalog/view/theme/default/template/common/footer.tpl on line 51
2015-06-17 3:28:42 - PHP Warning:  include(partials/pages/page-partials/cart-quickview.php): failed to open stream: No such file or directory in /Applications/MAMP/htdocs/minixstyle/catalog/view/theme/default/template/common/header.tpl on line 136
2015-06-17 3:28:42 - PHP Warning:  include(): Failed opening 'partials/pages/page-partials/cart-quickview.php' for inclusion (include_path='.:/Applications/MAMP/bin/php/php5.6.2/lib/php') in /Applications/MAMP/htdocs/minixstyle/catalog/view/theme/default/template/common/header.tpl on line 136
2015-06-17 3:28:45 - PHP Notice:  Undefined variable: scripts in /Applications/MAMP/htdocs/minixstyle/catalog/view/theme/default/template/common/footer.tpl on line 51
2015-06-17 3:28:45 - PHP Warning:  Invalid argument supplied for foreach() in /Applications/MAMP/htdocs/minixstyle/catalog/view/theme/default/template/common/footer.tpl on line 51
2015-06-17 3:28:46 - PHP Warning:  include(partials/pages/page-partials/cart-quickview.php): failed to open stream: No such file or directory in /Applications/MAMP/htdocs/minixstyle/catalog/view/theme/default/template/common/header.tpl on line 136
2015-06-17 3:28:46 - PHP Warning:  include(): Failed opening 'partials/pages/page-partials/cart-quickview.php' for inclusion (include_path='.:/Applications/MAMP/bin/php/php5.6.2/lib/php') in /Applications/MAMP/htdocs/minixstyle/catalog/view/theme/default/template/common/header.tpl on line 136
2015-06-17 3:29:24 - PHP Notice:  Undefined variable: scripts in /Applications/MAMP/htdocs/minixstyle/catalog/view/theme/default/template/common/footer.tpl on line 51
2015-06-17 3:29:24 - PHP Warning:  Invalid argument supplied for foreach() in /Applications/MAMP/htdocs/minixstyle/catalog/view/theme/default/template/common/footer.tpl on line 51
2015-06-17 3:29:24 - PHP Warning:  include(partials/pages/page-partials/cart-quickview.php): failed to open stream: No such file or directory in /Applications/MAMP/htdocs/minixstyle/catalog/view/theme/default/template/common/header.tpl on line 136
2015-06-17 3:29:24 - PHP Warning:  include(): Failed opening 'partials/pages/page-partials/cart-quickview.php' for inclusion (include_path='.:/Applications/MAMP/bin/php/php5.6.2/lib/php') in /Applications/MAMP/htdocs/minixstyle/catalog/view/theme/default/template/common/header.tpl on line 136
2015-06-17 3:29:35 - PHP Notice:  Undefined variable: scripts in /Applications/MAMP/htdocs/minixstyle/catalog/view/theme/default/template/common/footer.tpl on line 51
2015-06-17 3:29:35 - PHP Warning:  Invalid argument supplied for foreach() in /Applications/MAMP/htdocs/minixstyle/catalog/view/theme/default/template/common/footer.tpl on line 51
2015-06-17 3:29:35 - PHP Warning:  include(partials/pages/page-partials/cart-quickview.php): failed to open stream: No such file or directory in /Applications/MAMP/htdocs/minixstyle/catalog/view/theme/default/template/common/header.tpl on line 136
2015-06-17 3:29:35 - PHP Warning:  include(): Failed opening 'partials/pages/page-partials/cart-quickview.php' for inclusion (include_path='.:/Applications/MAMP/bin/php/php5.6.2/lib/php') in /Applications/MAMP/htdocs/minixstyle/catalog/view/theme/default/template/common/header.tpl on line 136
2015-06-17 3:29:36 - PHP Notice:  Undefined variable: scripts in /Applications/MAMP/htdocs/minixstyle/catalog/view/theme/default/template/common/footer.tpl on line 51
2015-06-17 3:29:36 - PHP Warning:  Invalid argument supplied for foreach() in /Applications/MAMP/htdocs/minixstyle/catalog/view/theme/default/template/common/footer.tpl on line 51
2015-06-17 3:29:36 - PHP Warning:  include(partials/pages/page-partials/cart-quickview.php): failed to open stream: No such file or directory in /Applications/MAMP/htdocs/minixstyle/catalog/view/theme/default/template/common/header.tpl on line 136
2015-06-17 3:29:36 - PHP Warning:  include(): Failed opening 'partials/pages/page-partials/cart-quickview.php' for inclusion (include_path='.:/Applications/MAMP/bin/php/php5.6.2/lib/php') in /Applications/MAMP/htdocs/minixstyle/catalog/view/theme/default/template/common/header.tpl on line 136
2015-06-17 3:29:43 - PHP Notice:  Undefined variable: scripts in /Applications/MAMP/htdocs/minixstyle/catalog/view/theme/default/template/common/footer.tpl on line 51
2015-06-17 3:29:43 - PHP Warning:  Invalid argument supplied for foreach() in /Applications/MAMP/htdocs/minixstyle/catalog/view/theme/default/template/common/footer.tpl on line 51
2015-06-17 3:29:43 - PHP Warning:  include(partials/pages/page-partials/cart-quickview.php): failed to open stream: No such file or directory in /Applications/MAMP/htdocs/minixstyle/catalog/view/theme/default/template/common/header.tpl on line 136
2015-06-17 3:29:43 - PHP Warning:  include(): Failed opening 'partials/pages/page-partials/cart-quickview.php' for inclusion (include_path='.:/Applications/MAMP/bin/php/php5.6.2/lib/php') in /Applications/MAMP/htdocs/minixstyle/catalog/view/theme/default/template/common/header.tpl on line 136
2015-06-17 3:29:43 - PHP Notice:  Undefined variable: class in /Applications/MAMP/htdocs/minixstyle/catalog/view/theme/default/template/product/product.tpl on line 70
2015-06-17 3:30:00 - PHP Notice:  Undefined variable: scripts in /Applications/MAMP/htdocs/minixstyle/catalog/view/theme/default/template/common/footer.tpl on line 51
2015-06-17 3:30:00 - PHP Warning:  Invalid argument supplied for foreach() in /Applications/MAMP/htdocs/minixstyle/catalog/view/theme/default/template/common/footer.tpl on line 51
2015-06-17 3:30:00 - PHP Warning:  include(partials/pages/page-partials/cart-quickview.php): failed to open stream: No such file or directory in /Applications/MAMP/htdocs/minixstyle/catalog/view/theme/default/template/common/header.tpl on line 136
2015-06-17 3:30:00 - PHP Warning:  include(): Failed opening 'partials/pages/page-partials/cart-quickview.php' for inclusion (include_path='.:/Applications/MAMP/bin/php/php5.6.2/lib/php') in /Applications/MAMP/htdocs/minixstyle/catalog/view/theme/default/template/common/header.tpl on line 136
2015-06-17 3:30:00 - PHP Notice:  Undefined variable: class in /Applications/MAMP/htdocs/minixstyle/catalog/view/theme/default/template/product/product.tpl on line 71
2015-06-17 3:30:20 - PHP Notice:  Undefined variable: scripts in /Applications/MAMP/htdocs/minixstyle/catalog/view/theme/default/template/common/footer.tpl on line 51
2015-06-17 3:30:20 - PHP Warning:  Invalid argument supplied for foreach() in /Applications/MAMP/htdocs/minixstyle/catalog/view/theme/default/template/common/footer.tpl on line 51
2015-06-17 3:30:20 - PHP Warning:  include(partials/pages/page-partials/cart-quickview.php): failed to open stream: No such file or directory in /Applications/MAMP/htdocs/minixstyle/catalog/view/theme/default/template/common/header.tpl on line 136
2015-06-17 3:30:20 - PHP Warning:  include(): Failed opening 'partials/pages/page-partials/cart-quickview.php' for inclusion (include_path='.:/Applications/MAMP/bin/php/php5.6.2/lib/php') in /Applications/MAMP/htdocs/minixstyle/catalog/view/theme/default/template/common/header.tpl on line 136
2015-06-17 3:30:35 - PHP Notice:  Undefined variable: scripts in /Applications/MAMP/htdocs/minixstyle/catalog/view/theme/default/template/common/footer.tpl on line 51
2015-06-17 3:30:35 - PHP Warning:  Invalid argument supplied for foreach() in /Applications/MAMP/htdocs/minixstyle/catalog/view/theme/default/template/common/footer.tpl on line 51
2015-06-17 3:30:35 - PHP Warning:  include(partials/pages/page-partials/cart-quickview.php): failed to open stream: No such file or directory in /Applications/MAMP/htdocs/minixstyle/catalog/view/theme/default/template/common/header.tpl on line 136
2015-06-17 3:30:35 - PHP Warning:  include(): Failed opening 'partials/pages/page-partials/cart-quickview.php' for inclusion (include_path='.:/Applications/MAMP/bin/php/php5.6.2/lib/php') in /Applications/MAMP/htdocs/minixstyle/catalog/view/theme/default/template/common/header.tpl on line 136
2015-06-17 3:30:35 - PHP Notice:  Undefined variable: i in /Applications/MAMP/htdocs/minixstyle/catalog/view/theme/default/template/product/product.tpl on line 32
2015-06-17 3:30:35 - PHP Notice:  Undefined variable: class in /Applications/MAMP/htdocs/minixstyle/catalog/view/theme/default/template/product/product.tpl on line 71
2015-06-17 3:30:47 - PHP Notice:  Undefined variable: scripts in /Applications/MAMP/htdocs/minixstyle/catalog/view/theme/default/template/common/footer.tpl on line 51
2015-06-17 3:30:47 - PHP Warning:  Invalid argument supplied for foreach() in /Applications/MAMP/htdocs/minixstyle/catalog/view/theme/default/template/common/footer.tpl on line 51
2015-06-17 3:30:48 - PHP Warning:  include(partials/pages/page-partials/cart-quickview.php): failed to open stream: No such file or directory in /Applications/MAMP/htdocs/minixstyle/catalog/view/theme/default/template/common/header.tpl on line 136
2015-06-17 3:30:48 - PHP Warning:  include(): Failed opening 'partials/pages/page-partials/cart-quickview.php' for inclusion (include_path='.:/Applications/MAMP/bin/php/php5.6.2/lib/php') in /Applications/MAMP/htdocs/minixstyle/catalog/view/theme/default/template/common/header.tpl on line 136
2015-06-17 3:30:48 - PHP Notice:  Undefined variable: i in /Applications/MAMP/htdocs/minixstyle/catalog/view/theme/default/template/product/product.tpl on line 32
2015-06-17 3:30:48 - PHP Notice:  Undefined variable: class in /Applications/MAMP/htdocs/minixstyle/catalog/view/theme/default/template/product/product.tpl on line 71
2015-06-17 3:31:08 - PHP Notice:  Undefined variable: scripts in /Applications/MAMP/htdocs/minixstyle/catalog/view/theme/default/template/common/footer.tpl on line 51
2015-06-17 3:31:08 - PHP Warning:  Invalid argument supplied for foreach() in /Applications/MAMP/htdocs/minixstyle/catalog/view/theme/default/template/common/footer.tpl on line 51
2015-06-17 3:31:08 - PHP Warning:  include(partials/pages/page-partials/cart-quickview.php): failed to open stream: No such file or directory in /Applications/MAMP/htdocs/minixstyle/catalog/view/theme/default/template/common/header.tpl on line 136
2015-06-17 3:31:08 - PHP Warning:  include(): Failed opening 'partials/pages/page-partials/cart-quickview.php' for inclusion (include_path='.:/Applications/MAMP/bin/php/php5.6.2/lib/php') in /Applications/MAMP/htdocs/minixstyle/catalog/view/theme/default/template/common/header.tpl on line 136
2015-06-17 3:31:08 - PHP Notice:  Undefined variable: class in /Applications/MAMP/htdocs/minixstyle/catalog/view/theme/default/template/product/product.tpl on line 71
2015-06-17 3:31:32 - PHP Notice:  Undefined variable: scripts in /Applications/MAMP/htdocs/minixstyle/catalog/view/theme/default/template/common/footer.tpl on line 51
2015-06-17 3:31:32 - PHP Warning:  Invalid argument supplied for foreach() in /Applications/MAMP/htdocs/minixstyle/catalog/view/theme/default/template/common/footer.tpl on line 51
2015-06-17 3:31:32 - PHP Warning:  include(partials/pages/page-partials/cart-quickview.php): failed to open stream: No such file or directory in /Applications/MAMP/htdocs/minixstyle/catalog/view/theme/default/template/common/header.tpl on line 136
2015-06-17 3:31:32 - PHP Warning:  include(): Failed opening 'partials/pages/page-partials/cart-quickview.php' for inclusion (include_path='.:/Applications/MAMP/bin/php/php5.6.2/lib/php') in /Applications/MAMP/htdocs/minixstyle/catalog/view/theme/default/template/common/header.tpl on line 136
2015-06-17 3:31:32 - PHP Notice:  Undefined variable: class in /Applications/MAMP/htdocs/minixstyle/catalog/view/theme/default/template/product/product.tpl on line 71
2015-06-17 3:31:52 - PHP Notice:  Undefined variable: scripts in /Applications/MAMP/htdocs/minixstyle/catalog/view/theme/default/template/common/footer.tpl on line 51
2015-06-17 3:31:52 - PHP Warning:  Invalid argument supplied for foreach() in /Applications/MAMP/htdocs/minixstyle/catalog/view/theme/default/template/common/footer.tpl on line 51
2015-06-17 3:31:52 - PHP Warning:  include(partials/pages/page-partials/cart-quickview.php): failed to open stream: No such file or directory in /Applications/MAMP/htdocs/minixstyle/catalog/view/theme/default/template/common/header.tpl on line 136
2015-06-17 3:31:52 - PHP Warning:  include(): Failed opening 'partials/pages/page-partials/cart-quickview.php' for inclusion (include_path='.:/Applications/MAMP/bin/php/php5.6.2/lib/php') in /Applications/MAMP/htdocs/minixstyle/catalog/view/theme/default/template/common/header.tpl on line 136
2015-06-17 3:31:52 - PHP Notice:  Undefined variable: class in /Applications/MAMP/htdocs/minixstyle/catalog/view/theme/default/template/product/product.tpl on line 70
2015-06-17 3:33:35 - PHP Notice:  Undefined variable: scripts in /Applications/MAMP/htdocs/minixstyle/catalog/view/theme/default/template/common/footer.tpl on line 51
2015-06-17 3:33:35 - PHP Warning:  Invalid argument supplied for foreach() in /Applications/MAMP/htdocs/minixstyle/catalog/view/theme/default/template/common/footer.tpl on line 51
2015-06-17 3:33:35 - PHP Warning:  include(partials/pages/page-partials/cart-quickview.php): failed to open stream: No such file or directory in /Applications/MAMP/htdocs/minixstyle/catalog/view/theme/default/template/common/header.tpl on line 136
2015-06-17 3:33:35 - PHP Warning:  include(): Failed opening 'partials/pages/page-partials/cart-quickview.php' for inclusion (include_path='.:/Applications/MAMP/bin/php/php5.6.2/lib/php') in /Applications/MAMP/htdocs/minixstyle/catalog/view/theme/default/template/common/header.tpl on line 136
2015-06-17 3:33:35 - PHP Notice:  Undefined variable: class in /Applications/MAMP/htdocs/minixstyle/catalog/view/theme/default/template/product/product.tpl on line 100
